[debug] [2023-10-10T02:03:31.839Z] ----------------------------------------------------------------------
[debug] [2023-10-10T02:03:31.840Z] Command:       /usr/local/bin/node /usr/local/bin/firebase emulators:start
[debug] [2023-10-10T02:03:31.840Z] CLI Version:   12.6.2
[debug] [2023-10-10T02:03:31.841Z] Platform:      darwin
[debug] [2023-10-10T02:03:31.841Z] Node Version:  v18.18.0
[debug] [2023-10-10T02:03:31.842Z] Time:          Mon Oct 09 2023 21:03:31 GMT-0500 (Central Daylight Time)
[debug] [2023-10-10T02:03:31.842Z] ----------------------------------------------------------------------
[debug] 
[debug] [2023-10-10T02:03:31.902Z] > command requires scopes: ["email","openid","https://www.googleapis.com/auth/cloudplatformprojects.readonly","https://www.googleapis.com/auth/firebase","https://www.googleapis.com/auth/cloud-platform"]
[debug] [2023-10-10T02:03:31.903Z] > authorizing via signed-in user (amanushifara@gmail.com)
[info] i  emulators: Starting emulators: functions, hosting {"metadata":{"emulator":{"name":"hub"},"message":"Starting emulators: functions, hosting"}}
[debug] [2023-10-10T02:03:32.041Z] [logging] Logging Emulator only supports listening on one address (127.0.0.1). Not listening on ::1
[warn] ⚠  hosting: Hosting Emulator unable to start on port 5000, starting on 5002 instead. {"metadata":{"emulator":{"name":"hosting"},"message":"Hosting Emulator unable to start on port 5000, starting on 5002 instead."}}
[debug] [2023-10-10T02:03:32.041Z] [hosting] Hosting Emulator only supports listening on one address (127.0.0.1). Not listening on ::1
[debug] [2023-10-10T02:03:32.041Z] assigned listening specs for emulators {"user":{"hub":[{"address":"127.0.0.1","family":"IPv4","port":4400},{"address":"::1","family":"IPv6","port":4400}],"ui":[{"address":"127.0.0.1","family":"IPv4","port":4000},{"address":"::1","family":"IPv6","port":4000}],"logging":[{"address":"127.0.0.1","family":"IPv4","port":4500}],"hosting":[{"address":"127.0.0.1","family":"IPv4","port":5002}]},"metadata":{"message":"assigned listening specs for emulators"}}
[debug] [2023-10-10T02:03:32.045Z] [hub] writing locator at /var/folders/7p/tlmyv3r13mx3fcztmwfpwyy80000gn/T/hub-clone2-dba28.json
[debug] [2023-10-10T02:03:32.118Z] [functions] Functions Emulator only supports listening on one address (127.0.0.1). Not listening on ::1
[debug] [2023-10-10T02:03:32.118Z] [eventarc] Eventarc Emulator only supports listening on one address (127.0.0.1). Not listening on ::1
[debug] [2023-10-10T02:03:32.118Z] late-assigned ports for functions and eventarc emulators {"user":{"hub":[{"address":"127.0.0.1","family":"IPv4","port":4400},{"address":"::1","family":"IPv6","port":4400}],"ui":[{"address":"127.0.0.1","family":"IPv4","port":4000},{"address":"::1","family":"IPv6","port":4000}],"logging":[{"address":"127.0.0.1","family":"IPv4","port":4500}],"hosting":[{"address":"127.0.0.1","family":"IPv4","port":5002}],"functions":[{"address":"127.0.0.1","family":"IPv4","port":5001}],"eventarc":[{"address":"127.0.0.1","family":"IPv4","port":9299}]},"metadata":{"message":"late-assigned ports for functions and eventarc emulators"}}
[warn] ⚠  functions: The following emulators are not running, calls to these services from the Functions emulator will affect production: auth, firestore, database, pubsub, storage {"metadata":{"emulator":{"name":"functions"},"message":"The following emulators are not running, calls to these services from the Functions emulator will affect production: \u001b[1mauth, firestore, database, pubsub, storage\u001b[22m"}}
[debug] [2023-10-10T02:03:32.119Z] defaultcredentials: writing to file /Users/amex/.config/firebase/amanushifara_gmail_com_application_default_credentials.json
[debug] [2023-10-10T02:03:32.124Z] Setting GAC to /Users/amex/.config/firebase/amanushifara_gmail_com_application_default_credentials.json {"metadata":{"emulator":{"name":"functions"},"message":"Setting GAC to /Users/amex/.config/firebase/amanushifara_gmail_com_application_default_credentials.json"}}
[debug] [2023-10-10T02:03:32.124Z] > refreshing access token with scopes: []
[debug] [2023-10-10T02:03:32.125Z] >>> [apiv2][query] POST https://www.googleapis.com/oauth2/v3/token [none]
[debug] [2023-10-10T02:03:32.125Z] >>> [apiv2][body] POST https://www.googleapis.com/oauth2/v3/token [omitted]
[debug] [2023-10-10T02:03:32.342Z] <<< [apiv2][status] POST https://www.googleapis.com/oauth2/v3/token 200
[debug] [2023-10-10T02:03:32.343Z] <<< [apiv2][body] POST https://www.googleapis.com/oauth2/v3/token [omitted]
[debug] [2023-10-10T02:03:32.355Z] >>> [apiv2][query] GET https://firebase.googleapis.com/v1beta1/projects/clone2-dba28/adminSdkConfig [none]
[debug] [2023-10-10T02:03:32.607Z] <<< [apiv2][status] GET https://firebase.googleapis.com/v1beta1/projects/clone2-dba28/adminSdkConfig 200
[debug] [2023-10-10T02:03:32.608Z] <<< [apiv2][body] GET https://firebase.googleapis.com/v1beta1/projects/clone2-dba28/adminSdkConfig {"projectId":"clone2-dba28","storageBucket":"clone2-dba28.appspot.com"}
[debug] [2023-10-10T02:03:32.634Z] >>> [apiv2][query] GET https://firebasehosting.googleapis.com/v1beta1/projects/clone2-dba28/sites 
[debug] [2023-10-10T02:03:33.126Z] <<< [apiv2][status] GET https://firebasehosting.googleapis.com/v1beta1/projects/clone2-dba28/sites 200
[debug] [2023-10-10T02:03:33.126Z] <<< [apiv2][body] GET https://firebasehosting.googleapis.com/v1beta1/projects/clone2-dba28/sites {"sites":[{"name":"projects/clone2-dba28/sites/clone2-dba28","defaultUrl":"https://clone2-dba28.web.app","appId":"1:633945250617:web:f2394dde8138f85f54a6e8","type":"DEFAULT_SITE"}]}
[debug] [2023-10-10T02:03:33.126Z] >>> [apiv2][query] GET https://firebase.googleapis.com/v1beta1/projects/clone2-dba28/webApps/1:633945250617:web:f2394dde8138f85f54a6e8/config [none]
[debug] [2023-10-10T02:03:33.471Z] <<< [apiv2][status] GET https://firebase.googleapis.com/v1beta1/projects/clone2-dba28/webApps/1:633945250617:web:f2394dde8138f85f54a6e8/config 200
[debug] [2023-10-10T02:03:33.471Z] <<< [apiv2][body] GET https://firebase.googleapis.com/v1beta1/projects/clone2-dba28/webApps/1:633945250617:web:f2394dde8138f85f54a6e8/config {"projectId":"clone2-dba28","appId":"1:633945250617:web:f2394dde8138f85f54a6e8","storageBucket":"clone2-dba28.appspot.com","apiKey":"AIzaSyBE9-8Lw7vSYSfOtmppb_BWQ2bRmhWu1Lw","authDomain":"clone2-dba28.firebaseapp.com","messagingSenderId":"633945250617","measurementId":"G-W523HER1Z7"}
[debug] [2023-10-10T02:03:33.480Z] >>> [apiv2][query] GET https://firebase.googleapis.com/v1beta1/projects/clone2-dba28 [none]
[debug] [2023-10-10T02:03:33.760Z] <<< [apiv2][status] GET https://firebase.googleapis.com/v1beta1/projects/clone2-dba28 200
[debug] [2023-10-10T02:03:33.761Z] <<< [apiv2][body] GET https://firebase.googleapis.com/v1beta1/projects/clone2-dba28 {"projectId":"clone2-dba28","projectNumber":"633945250617","displayName":"Amazon-Clone2","name":"projects/clone2-dba28","resources":{"hostingSite":"clone2-dba28"},"state":"ACTIVE","etag":"1_054fb1b2-9cf2-4718-ae99-9f55a10fd6e7"}
[info] i  hosting[clone2-dba28]: Serving hosting files from: build {"metadata":{"emulator":{"name":"hosting"},"message":"Serving hosting files from: \u001b[1mbuild\u001b[22m"}}
[info] ✔  hosting[clone2-dba28]: Local server: http://127.0.0.1:5002 {"metadata":{"emulator":{"name":"hosting"},"message":"Local server: \u001b[4m\u001b[1mhttp://127.0.0.1:5002\u001b[22m\u001b[24m"}}
[debug] [2023-10-10T02:03:33.817Z] Ignoring unsupported arg: auto_download {"metadata":{"emulator":{"name":"ui"},"message":"Ignoring unsupported arg: auto_download"}}
[debug] [2023-10-10T02:03:33.818Z] Ignoring unsupported arg: port {"metadata":{"emulator":{"name":"ui"},"message":"Ignoring unsupported arg: port"}}
[debug] [2023-10-10T02:03:33.818Z] Starting Emulator UI with command {"binary":"node","args":["/Users/amex/.cache/firebase/emulators/ui-v1.11.7/server/server.js"],"optionalArgs":[],"joinArgs":false} {"metadata":{"emulator":{"name":"ui"},"message":"Starting Emulator UI with command {\"binary\":\"node\",\"args\":[\"/Users/amex/.cache/firebase/emulators/ui-v1.11.7/server/server.js\"],\"optionalArgs\":[],\"joinArgs\":false}"}}
[info] i  ui: Emulator UI logging to ui-debug.log {"metadata":{"emulator":{"name":"ui"},"message":"Emulator UI logging to \u001b[1mui-debug.log\u001b[22m"}}
[debug] [2023-10-10T02:03:33.886Z] Web / API server started at 127.0.0.1:4000
 {"metadata":{"emulator":{"name":"ui"},"message":"Web / API server started at 127.0.0.1:4000\n"}}
[debug] [2023-10-10T02:03:33.886Z] Web / API server started at ::1:4000
 {"metadata":{"emulator":{"name":"ui"},"message":"Web / API server started at ::1:4000\n"}}
[info] i  functions: Watching "/Users/amex/Desktop/EVANGADI/Phase-3/Projects/Amazon/amazon-clone/functions" for Cloud Functions... {"metadata":{"emulator":{"name":"functions"},"message":"Watching \"/Users/amex/Desktop/EVANGADI/Phase-3/Projects/Amazon/amazon-clone/functions\" for Cloud Functions..."}}
[debug] [2023-10-10T02:03:34.083Z] Validating nodejs source
[debug] [2023-10-10T02:03:34.702Z] > [functions] package.json contents: {
  "name": "functions",
  "description": "Cloud Functions for Firebase",
  "scripts": {
    "lint": "eslint .",
    "serve": "firebase emulators:start --only functions",
    "shell": "firebase functions:shell",
    "start": "npm run shell",
    "deploy": "firebase deploy --only functions",
    "logs": "firebase functions:log"
  },
  "engines": {
    "node": "18"
  },
  "main": "index.js",
  "dependencies": {
    "cors": "^2.8.5",
    "express": "^4.18.2",
    "firebase-admin": "^11.8.0",
    "firebase-functions": "^4.3.1",
    "stripe": "^13.9.0"
  },
  "devDependencies": {
    "eslint": "^8.15.0",
    "eslint-config-google": "^0.14.0",
    "firebase-functions-test": "^3.1.0"
  },
  "private": true
}
[debug] [2023-10-10T02:03:34.702Z] Building nodejs source
[debug] [2023-10-10T02:03:34.703Z] Failed to find version of module node: reached end of search path /Users/amex/Desktop/EVANGADI/Phase-3/Projects/Amazon/amazon-clone/functions/node_modules
[info] ✔  functions: Using node@18 from host. 
[debug] [2023-10-10T02:03:34.704Z] Could not find functions.yaml. Must use http discovery
[debug] [2023-10-10T02:03:34.711Z] Found firebase-functions binary at '/Users/amex/Desktop/EVANGADI/Phase-3/Projects/Amazon/amazon-clone/functions/node_modules/.bin/firebase-functions'
[info] Serving at port 8583

[debug] [2023-10-10T02:03:35.015Z] Got response from /__/functions.yaml {"endpoints":{"api":{"platform":"gcfv1","availableMemoryMb":null,"timeoutSeconds":null,"minInstances":null,"maxInstances":null,"ingressSettings":null,"serviceAccountEmail":null,"vpc":null,"httpsTrigger":{},"entryPoint":"api"}},"specVersion":"v1alpha1","requiredAPIs":[]}
[info] shutdown requested via /__/quitquitquit

[info] ✔  functions: Loaded functions definitions from source: api. {"metadata":{"emulator":{"name":"functions"},"message":"Loaded functions definitions from source: api."}}
[info] ✔  functions[us-central1-api]: http function initialized (http://127.0.0.1:5001/clone2-dba28/us-central1/api). {"metadata":{"emulator":{"name":"functions"},"message":"\u001b[1mhttp\u001b[22m function initialized (http://127.0.0.1:5001/clone2-dba28/us-central1/api)."}}
[info] 
┌─────────────────────────────────────────────────────────────┐
│ ✔  All emulators ready! It is now safe to connect your app. │
│ i  View Emulator UI at http://127.0.0.1:4000/               │
└─────────────────────────────────────────────────────────────┘

┌───────────┬────────────────┬─────────────────────────────────┐
│ Emulator  │ Host:Port      │ View in Emulator UI             │
├───────────┼────────────────┼─────────────────────────────────┤
│ Functions │ 127.0.0.1:5001 │ http://127.0.0.1:4000/functions │
├───────────┼────────────────┼─────────────────────────────────┤
│ Hosting   │ 127.0.0.1:5002 │ n/a                             │
└───────────┴────────────────┴─────────────────────────────────┘
  Emulator Hub running at 127.0.0.1:4400
  Other reserved ports: 4500

Issues? Report them at https://github.com/firebase/firebase-tools/issues and attach the *-debug.log files.
 
[debug] [2023-10-10T21:38:59.761Z] File /Users/amex/Desktop/EVANGADI/Phase-3/Projects/Amazon/amazon-clone/functions/index.js changed, reloading triggers {"metadata":{"emulator":{"name":"functions"},"message":"File /Users/amex/Desktop/EVANGADI/Phase-3/Projects/Amazon/amazon-clone/functions/index.js changed, reloading triggers"}}
[debug] [2023-10-10T21:39:00.785Z] Validating nodejs source
[debug] [2023-10-10T21:39:01.500Z] > [functions] package.json contents: {
  "name": "functions",
  "description": "Cloud Functions for Firebase",
  "scripts": {
    "lint": "eslint .",
    "serve": "firebase emulators:start --only functions",
    "shell": "firebase functions:shell",
    "start": "npm run shell",
    "deploy": "firebase deploy --only functions",
    "logs": "firebase functions:log"
  },
  "engines": {
    "node": "18"
  },
  "main": "index.js",
  "dependencies": {
    "cors": "^2.8.5",
    "express": "^4.18.2",
    "firebase-admin": "^11.8.0",
    "firebase-functions": "^4.3.1",
    "stripe": "^13.9.0"
  },
  "devDependencies": {
    "eslint": "^8.15.0",
    "eslint-config-google": "^0.14.0",
    "firebase-functions-test": "^3.1.0"
  },
  "private": true
}
[debug] [2023-10-10T21:39:01.501Z] Building nodejs source
[debug] [2023-10-10T21:39:01.501Z] Failed to find version of module node: reached end of search path /Users/amex/Desktop/EVANGADI/Phase-3/Projects/Amazon/amazon-clone/functions/node_modules
[info] ✔  functions: Using node@18 from host. 
[debug] [2023-10-10T21:39:01.505Z] Could not find functions.yaml. Must use http discovery
[debug] [2023-10-10T21:39:01.509Z] Found firebase-functions binary at '/Users/amex/Desktop/EVANGADI/Phase-3/Projects/Amazon/amazon-clone/functions/node_modules/.bin/firebase-functions'
[info] Serving at port 8622

[debug] [2023-10-10T21:39:01.885Z] Got response from /__/functions.yaml {"endpoints":{"api":{"platform":"gcfv1","availableMemoryMb":null,"timeoutSeconds":null,"minInstances":null,"maxInstances":null,"ingressSettings":null,"serviceAccountEmail":null,"vpc":null,"httpsTrigger":{},"entryPoint":"api"}},"specVersion":"v1alpha1","requiredAPIs":[]}
[info] shutdown requested via /__/quitquitquit

[info] ✔  functions: Loaded functions definitions from source: api. {"metadata":{"emulator":{"name":"functions"},"message":"Loaded functions definitions from source: api."}}
[debug] [2023-10-10T21:39:27.987Z] File /Users/amex/Desktop/EVANGADI/Phase-3/Projects/Amazon/amazon-clone/functions/index.js changed, reloading triggers {"metadata":{"emulator":{"name":"functions"},"message":"File /Users/amex/Desktop/EVANGADI/Phase-3/Projects/Amazon/amazon-clone/functions/index.js changed, reloading triggers"}}
[debug] [2023-10-10T21:39:28.992Z] Validating nodejs source
[debug] [2023-10-10T21:39:29.650Z] > [functions] package.json contents: {
  "name": "functions",
  "description": "Cloud Functions for Firebase",
  "scripts": {
    "lint": "eslint .",
    "serve": "firebase emulators:start --only functions",
    "shell": "firebase functions:shell",
    "start": "npm run shell",
    "deploy": "firebase deploy --only functions",
    "logs": "firebase functions:log"
  },
  "engines": {
    "node": "18"
  },
  "main": "index.js",
  "dependencies": {
    "cors": "^2.8.5",
    "express": "^4.18.2",
    "firebase-admin": "^11.8.0",
    "firebase-functions": "^4.3.1",
    "stripe": "^13.9.0"
  },
  "devDependencies": {
    "eslint": "^8.15.0",
    "eslint-config-google": "^0.14.0",
    "firebase-functions-test": "^3.1.0"
  },
  "private": true
}
[debug] [2023-10-10T21:39:29.650Z] Building nodejs source
[debug] [2023-10-10T21:39:29.650Z] Failed to find version of module node: reached end of search path /Users/amex/Desktop/EVANGADI/Phase-3/Projects/Amazon/amazon-clone/functions/node_modules
[info] ✔  functions: Using node@18 from host. 
[debug] [2023-10-10T21:39:29.652Z] File /Users/amex/Desktop/EVANGADI/Phase-3/Projects/Amazon/amazon-clone/functions/index.js changed, reloading triggers {"metadata":{"emulator":{"name":"functions"},"message":"File /Users/amex/Desktop/EVANGADI/Phase-3/Projects/Amazon/amazon-clone/functions/index.js changed, reloading triggers"}}
[debug] [2023-10-10T21:39:29.652Z] Could not find functions.yaml. Must use http discovery
[debug] [2023-10-10T21:39:29.653Z] Found firebase-functions binary at '/Users/amex/Desktop/EVANGADI/Phase-3/Projects/Amazon/amazon-clone/functions/node_modules/.bin/firebase-functions'
[info] Serving at port 8229

[debug] [2023-10-10T21:39:29.902Z] Got response from /__/functions.yaml {"endpoints":{"api":{"platform":"gcfv1","availableMemoryMb":null,"timeoutSeconds":null,"minInstances":null,"maxInstances":null,"ingressSettings":null,"serviceAccountEmail":null,"vpc":null,"httpsTrigger":{},"entryPoint":"api"}},"specVersion":"v1alpha1","requiredAPIs":[]}
[info] shutdown requested via /__/quitquitquit

[info] ✔  functions: Loaded functions definitions from source: api. {"metadata":{"emulator":{"name":"functions"},"message":"Loaded functions definitions from source: api."}}
[debug] [2023-10-10T21:39:30.654Z] Validating nodejs source
[debug] [2023-10-10T21:39:31.196Z] > [functions] package.json contents: {
  "name": "functions",
  "description": "Cloud Functions for Firebase",
  "scripts": {
    "lint": "eslint .",
    "serve": "firebase emulators:start --only functions",
    "shell": "firebase functions:shell",
    "start": "npm run shell",
    "deploy": "firebase deploy --only functions",
    "logs": "firebase functions:log"
  },
  "engines": {
    "node": "18"
  },
  "main": "index.js",
  "dependencies": {
    "cors": "^2.8.5",
    "express": "^4.18.2",
    "firebase-admin": "^11.8.0",
    "firebase-functions": "^4.3.1",
    "stripe": "^13.9.0"
  },
  "devDependencies": {
    "eslint": "^8.15.0",
    "eslint-config-google": "^0.14.0",
    "firebase-functions-test": "^3.1.0"
  },
  "private": true
}
[debug] [2023-10-10T21:39:31.197Z] Building nodejs source
[debug] [2023-10-10T21:39:31.197Z] Failed to find version of module node: reached end of search path /Users/amex/Desktop/EVANGADI/Phase-3/Projects/Amazon/amazon-clone/functions/node_modules
[info] ✔  functions: Using node@18 from host. 
[debug] [2023-10-10T21:39:31.197Z] File /Users/amex/Desktop/EVANGADI/Phase-3/Projects/Amazon/amazon-clone/functions/index.js changed, reloading triggers {"metadata":{"emulator":{"name":"functions"},"message":"File /Users/amex/Desktop/EVANGADI/Phase-3/Projects/Amazon/amazon-clone/functions/index.js changed, reloading triggers"}}
[debug] [2023-10-10T21:39:31.198Z] Could not find functions.yaml. Must use http discovery
[debug] [2023-10-10T21:39:31.198Z] Found firebase-functions binary at '/Users/amex/Desktop/EVANGADI/Phase-3/Projects/Amazon/amazon-clone/functions/node_modules/.bin/firebase-functions'
[info] Serving at port 8129

[debug] [2023-10-10T21:39:31.413Z] Got response from /__/functions.yaml {"endpoints":{"api":{"platform":"gcfv1","availableMemoryMb":null,"timeoutSeconds":null,"minInstances":null,"maxInstances":null,"ingressSettings":null,"serviceAccountEmail":null,"vpc":null,"httpsTrigger":{},"entryPoint":"api"}},"specVersion":"v1alpha1","requiredAPIs":[]}
[info] shutdown requested via /__/quitquitquit

[info] ✔  functions: Loaded functions definitions from source: api. {"metadata":{"emulator":{"name":"functions"},"message":"Loaded functions definitions from source: api."}}
[debug] [2023-10-10T21:39:32.199Z] Validating nodejs source
[debug] [2023-10-10T21:39:32.726Z] > [functions] package.json contents: {
  "name": "functions",
  "description": "Cloud Functions for Firebase",
  "scripts": {
    "lint": "eslint .",
    "serve": "firebase emulators:start --only functions",
    "shell": "firebase functions:shell",
    "start": "npm run shell",
    "deploy": "firebase deploy --only functions",
    "logs": "firebase functions:log"
  },
  "engines": {
    "node": "18"
  },
  "main": "index.js",
  "dependencies": {
    "cors": "^2.8.5",
    "express": "^4.18.2",
    "firebase-admin": "^11.8.0",
    "firebase-functions": "^4.3.1",
    "stripe": "^13.9.0"
  },
  "devDependencies": {
    "eslint": "^8.15.0",
    "eslint-config-google": "^0.14.0",
    "firebase-functions-test": "^3.1.0"
  },
  "private": true
}
[debug] [2023-10-10T21:39:32.727Z] Building nodejs source
[debug] [2023-10-10T21:39:32.727Z] Failed to find version of module node: reached end of search path /Users/amex/Desktop/EVANGADI/Phase-3/Projects/Amazon/amazon-clone/functions/node_modules
[info] ✔  functions: Using node@18 from host. 
[debug] [2023-10-10T21:39:32.728Z] File /Users/amex/Desktop/EVANGADI/Phase-3/Projects/Amazon/amazon-clone/functions/index.js changed, reloading triggers {"metadata":{"emulator":{"name":"functions"},"message":"File /Users/amex/Desktop/EVANGADI/Phase-3/Projects/Amazon/amazon-clone/functions/index.js changed, reloading triggers"}}
[debug] [2023-10-10T21:39:32.728Z] Could not find functions.yaml. Must use http discovery
[debug] [2023-10-10T21:39:32.729Z] Found firebase-functions binary at '/Users/amex/Desktop/EVANGADI/Phase-3/Projects/Amazon/amazon-clone/functions/node_modules/.bin/firebase-functions'
[info] Serving at port 8496

[debug] [2023-10-10T21:39:33.016Z] Got response from /__/functions.yaml {"endpoints":{"api":{"platform":"gcfv1","availableMemoryMb":null,"timeoutSeconds":null,"minInstances":null,"maxInstances":null,"ingressSettings":null,"serviceAccountEmail":null,"vpc":null,"httpsTrigger":{},"entryPoint":"api"}},"specVersion":"v1alpha1","requiredAPIs":[]}
[info] shutdown requested via /__/quitquitquit

[info] ✔  functions: Loaded functions definitions from source: api. {"metadata":{"emulator":{"name":"functions"},"message":"Loaded functions definitions from source: api."}}
[debug] [2023-10-10T21:39:33.599Z] File /Users/amex/Desktop/EVANGADI/Phase-3/Projects/Amazon/amazon-clone/functions/index.js changed, reloading triggers {"metadata":{"emulator":{"name":"functions"},"message":"File /Users/amex/Desktop/EVANGADI/Phase-3/Projects/Amazon/amazon-clone/functions/index.js changed, reloading triggers"}}
[debug] [2023-10-10T21:39:34.601Z] Validating nodejs source
[debug] [2023-10-10T21:39:35.101Z] > [functions] package.json contents: {
  "name": "functions",
  "description": "Cloud Functions for Firebase",
  "scripts": {
    "lint": "eslint .",
    "serve": "firebase emulators:start --only functions",
    "shell": "firebase functions:shell",
    "start": "npm run shell",
    "deploy": "firebase deploy --only functions",
    "logs": "firebase functions:log"
  },
  "engines": {
    "node": "18"
  },
  "main": "index.js",
  "dependencies": {
    "cors": "^2.8.5",
    "express": "^4.18.2",
    "firebase-admin": "^11.8.0",
    "firebase-functions": "^4.3.1",
    "stripe": "^13.9.0"
  },
  "devDependencies": {
    "eslint": "^8.15.0",
    "eslint-config-google": "^0.14.0",
    "firebase-functions-test": "^3.1.0"
  },
  "private": true
}
[debug] [2023-10-10T21:39:35.101Z] Building nodejs source
[debug] [2023-10-10T21:39:35.101Z] Failed to find version of module node: reached end of search path /Users/amex/Desktop/EVANGADI/Phase-3/Projects/Amazon/amazon-clone/functions/node_modules
[info] ✔  functions: Using node@18 from host. 
[debug] [2023-10-10T21:39:35.102Z] Could not find functions.yaml. Must use http discovery
[debug] [2023-10-10T21:39:35.102Z] Found firebase-functions binary at '/Users/amex/Desktop/EVANGADI/Phase-3/Projects/Amazon/amazon-clone/functions/node_modules/.bin/firebase-functions'
[info] Serving at port 8658

[debug] [2023-10-10T21:39:35.288Z] Got response from /__/functions.yaml {"endpoints":{"api":{"platform":"gcfv1","availableMemoryMb":null,"timeoutSeconds":null,"minInstances":null,"maxInstances":null,"ingressSettings":null,"serviceAccountEmail":null,"vpc":null,"httpsTrigger":{},"entryPoint":"api"}},"specVersion":"v1alpha1","requiredAPIs":[]}
[info] shutdown requested via /__/quitquitquit

[info] ✔  functions: Loaded functions definitions from source: api. {"metadata":{"emulator":{"name":"functions"},"message":"Loaded functions definitions from source: api."}}
[debug] [2023-10-10T21:39:53.650Z] File /Users/amex/Desktop/EVANGADI/Phase-3/Projects/Amazon/amazon-clone/functions/index.js changed, reloading triggers {"metadata":{"emulator":{"name":"functions"},"message":"File /Users/amex/Desktop/EVANGADI/Phase-3/Projects/Amazon/amazon-clone/functions/index.js changed, reloading triggers"}}
[debug] [2023-10-10T21:39:54.654Z] Validating nodejs source
[debug] [2023-10-10T21:39:55.267Z] > [functions] package.json contents: {
  "name": "functions",
  "description": "Cloud Functions for Firebase",
  "scripts": {
    "lint": "eslint .",
    "serve": "firebase emulators:start --only functions",
    "shell": "firebase functions:shell",
    "start": "npm run shell",
    "deploy": "firebase deploy --only functions",
    "logs": "firebase functions:log"
  },
  "engines": {
    "node": "18"
  },
  "main": "index.js",
  "dependencies": {
    "cors": "^2.8.5",
    "express": "^4.18.2",
    "firebase-admin": "^11.8.0",
    "firebase-functions": "^4.3.1",
    "stripe": "^13.9.0"
  },
  "devDependencies": {
    "eslint": "^8.15.0",
    "eslint-config-google": "^0.14.0",
    "firebase-functions-test": "^3.1.0"
  },
  "private": true
}
[debug] [2023-10-10T21:39:55.267Z] Building nodejs source
[debug] [2023-10-10T21:39:55.267Z] Failed to find version of module node: reached end of search path /Users/amex/Desktop/EVANGADI/Phase-3/Projects/Amazon/amazon-clone/functions/node_modules
[info] ✔  functions: Using node@18 from host. 
[debug] [2023-10-10T21:39:55.268Z] Could not find functions.yaml. Must use http discovery
[debug] [2023-10-10T21:39:55.269Z] Found firebase-functions binary at '/Users/amex/Desktop/EVANGADI/Phase-3/Projects/Amazon/amazon-clone/functions/node_modules/.bin/firebase-functions'
[info] Serving at port 8095

[debug] [2023-10-10T21:39:55.579Z] Got response from /__/functions.yaml {"endpoints":{"api":{"platform":"gcfv1","availableMemoryMb":null,"timeoutSeconds":null,"minInstances":null,"maxInstances":null,"ingressSettings":null,"serviceAccountEmail":null,"vpc":null,"httpsTrigger":{},"entryPoint":"api"}},"specVersion":"v1alpha1","requiredAPIs":[]}
[info] shutdown requested via /__/quitquitquit

[info] ✔  functions: Loaded functions definitions from source: api. {"metadata":{"emulator":{"name":"functions"},"message":"Loaded functions definitions from source: api."}}
[debug] [2023-10-10T21:39:57.364Z] File /Users/amex/Desktop/EVANGADI/Phase-3/Projects/Amazon/amazon-clone/functions/index.js changed, reloading triggers {"metadata":{"emulator":{"name":"functions"},"message":"File /Users/amex/Desktop/EVANGADI/Phase-3/Projects/Amazon/amazon-clone/functions/index.js changed, reloading triggers"}}
[debug] [2023-10-10T21:39:58.366Z] Validating nodejs source
[debug] [2023-10-10T21:39:58.856Z] > [functions] package.json contents: {
  "name": "functions",
  "description": "Cloud Functions for Firebase",
  "scripts": {
    "lint": "eslint .",
    "serve": "firebase emulators:start --only functions",
    "shell": "firebase functions:shell",
    "start": "npm run shell",
    "deploy": "firebase deploy --only functions",
    "logs": "firebase functions:log"
  },
  "engines": {
    "node": "18"
  },
  "main": "index.js",
  "dependencies": {
    "cors": "^2.8.5",
    "express": "^4.18.2",
    "firebase-admin": "^11.8.0",
    "firebase-functions": "^4.3.1",
    "stripe": "^13.9.0"
  },
  "devDependencies": {
    "eslint": "^8.15.0",
    "eslint-config-google": "^0.14.0",
    "firebase-functions-test": "^3.1.0"
  },
  "private": true
}
[debug] [2023-10-10T21:39:58.856Z] Building nodejs source
[debug] [2023-10-10T21:39:58.856Z] Failed to find version of module node: reached end of search path /Users/amex/Desktop/EVANGADI/Phase-3/Projects/Amazon/amazon-clone/functions/node_modules
[info] ✔  functions: Using node@18 from host. 
[debug] [2023-10-10T21:39:58.857Z] Could not find functions.yaml. Must use http discovery
[debug] [2023-10-10T21:39:58.857Z] Found firebase-functions binary at '/Users/amex/Desktop/EVANGADI/Phase-3/Projects/Amazon/amazon-clone/functions/node_modules/.bin/firebase-functions'
[info] Serving at port 8692

[debug] [2023-10-10T21:39:59.062Z] Got response from /__/functions.yaml {"endpoints":{"api":{"platform":"gcfv1","availableMemoryMb":null,"timeoutSeconds":null,"minInstances":null,"maxInstances":null,"ingressSettings":null,"serviceAccountEmail":null,"vpc":null,"httpsTrigger":{},"entryPoint":"api"}},"specVersion":"v1alpha1","requiredAPIs":[]}
[info] shutdown requested via /__/quitquitquit

[info] ✔  functions: Loaded functions definitions from source: api. {"metadata":{"emulator":{"name":"functions"},"message":"Loaded functions definitions from source: api."}}
[debug] [2023-10-10T21:40:22.599Z] File /Users/amex/Desktop/EVANGADI/Phase-3/Projects/Amazon/amazon-clone/functions/index.js changed, reloading triggers {"metadata":{"emulator":{"name":"functions"},"message":"File /Users/amex/Desktop/EVANGADI/Phase-3/Projects/Amazon/amazon-clone/functions/index.js changed, reloading triggers"}}
[debug] [2023-10-10T21:40:23.602Z] Validating nodejs source
[debug] [2023-10-10T21:40:24.222Z] > [functions] package.json contents: {
  "name": "functions",
  "description": "Cloud Functions for Firebase",
  "scripts": {
    "lint": "eslint .",
    "serve": "firebase emulators:start --only functions",
    "shell": "firebase functions:shell",
    "start": "npm run shell",
    "deploy": "firebase deploy --only functions",
    "logs": "firebase functions:log"
  },
  "engines": {
    "node": "18"
  },
  "main": "index.js",
  "dependencies": {
    "cors": "^2.8.5",
    "express": "^4.18.2",
    "firebase-admin": "^11.8.0",
    "firebase-functions": "^4.3.1",
    "stripe": "^13.9.0"
  },
  "devDependencies": {
    "eslint": "^8.15.0",
    "eslint-config-google": "^0.14.0",
    "firebase-functions-test": "^3.1.0"
  },
  "private": true
}
[debug] [2023-10-10T21:40:24.222Z] Building nodejs source
[debug] [2023-10-10T21:40:24.222Z] Failed to find version of module node: reached end of search path /Users/amex/Desktop/EVANGADI/Phase-3/Projects/Amazon/amazon-clone/functions/node_modules
[info] ✔  functions: Using node@18 from host. 
[debug] [2023-10-10T21:40:24.223Z] Could not find functions.yaml. Must use http discovery
[debug] [2023-10-10T21:40:24.224Z] Found firebase-functions binary at '/Users/amex/Desktop/EVANGADI/Phase-3/Projects/Amazon/amazon-clone/functions/node_modules/.bin/firebase-functions'
[info] Serving at port 8284

[debug] [2023-10-10T21:40:24.513Z] Got response from /__/functions.yaml {"endpoints":{"api":{"platform":"gcfv1","availableMemoryMb":null,"timeoutSeconds":null,"minInstances":null,"maxInstances":null,"ingressSettings":null,"serviceAccountEmail":null,"vpc":null,"httpsTrigger":{},"entryPoint":"api"}},"specVersion":"v1alpha1","requiredAPIs":[]}
[info] shutdown requested via /__/quitquitquit

[info] ✔  functions: Loaded functions definitions from source: api. {"metadata":{"emulator":{"name":"functions"},"message":"Loaded functions definitions from source: api."}}
[debug] [2023-10-10T21:40:25.482Z] File /Users/amex/Desktop/EVANGADI/Phase-3/Projects/Amazon/amazon-clone/functions/index.js changed, reloading triggers {"metadata":{"emulator":{"name":"functions"},"message":"File /Users/amex/Desktop/EVANGADI/Phase-3/Projects/Amazon/amazon-clone/functions/index.js changed, reloading triggers"}}
[debug] [2023-10-10T21:40:26.485Z] Validating nodejs source
[debug] [2023-10-10T21:40:26.933Z] > [functions] package.json contents: {
  "name": "functions",
  "description": "Cloud Functions for Firebase",
  "scripts": {
    "lint": "eslint .",
    "serve": "firebase emulators:start --only functions",
    "shell": "firebase functions:shell",
    "start": "npm run shell",
    "deploy": "firebase deploy --only functions",
    "logs": "firebase functions:log"
  },
  "engines": {
    "node": "18"
  },
  "main": "index.js",
  "dependencies": {
    "cors": "^2.8.5",
    "express": "^4.18.2",
    "firebase-admin": "^11.8.0",
    "firebase-functions": "^4.3.1",
    "stripe": "^13.9.0"
  },
  "devDependencies": {
    "eslint": "^8.15.0",
    "eslint-config-google": "^0.14.0",
    "firebase-functions-test": "^3.1.0"
  },
  "private": true
}
[debug] [2023-10-10T21:40:26.933Z] Building nodejs source
[debug] [2023-10-10T21:40:26.933Z] Failed to find version of module node: reached end of search path /Users/amex/Desktop/EVANGADI/Phase-3/Projects/Amazon/amazon-clone/functions/node_modules
[info] ✔  functions: Using node@18 from host. 
[debug] [2023-10-10T21:40:26.933Z] Could not find functions.yaml. Must use http discovery
[debug] [2023-10-10T21:40:26.934Z] Found firebase-functions binary at '/Users/amex/Desktop/EVANGADI/Phase-3/Projects/Amazon/amazon-clone/functions/node_modules/.bin/firebase-functions'
[info] Serving at port 8481

[debug] [2023-10-10T21:40:27.128Z] Got response from /__/functions.yaml {"endpoints":{"api":{"platform":"gcfv1","availableMemoryMb":null,"timeoutSeconds":null,"minInstances":null,"maxInstances":null,"ingressSettings":null,"serviceAccountEmail":null,"vpc":null,"httpsTrigger":{},"entryPoint":"api"}},"specVersion":"v1alpha1","requiredAPIs":[]}
[info] shutdown requested via /__/quitquitquit

[info] ✔  functions: Loaded functions definitions from source: api. {"metadata":{"emulator":{"name":"functions"},"message":"Loaded functions definitions from source: api."}}
[debug] [2023-10-10T21:40:36.806Z] File /Users/amex/Desktop/EVANGADI/Phase-3/Projects/Amazon/amazon-clone/functions/index.js changed, reloading triggers {"metadata":{"emulator":{"name":"functions"},"message":"File /Users/amex/Desktop/EVANGADI/Phase-3/Projects/Amazon/amazon-clone/functions/index.js changed, reloading triggers"}}
[debug] [2023-10-10T21:40:37.809Z] Validating nodejs source
[debug] [2023-10-10T21:40:38.424Z] > [functions] package.json contents: {
  "name": "functions",
  "description": "Cloud Functions for Firebase",
  "scripts": {
    "lint": "eslint .",
    "serve": "firebase emulators:start --only functions",
    "shell": "firebase functions:shell",
    "start": "npm run shell",
    "deploy": "firebase deploy --only functions",
    "logs": "firebase functions:log"
  },
  "engines": {
    "node": "18"
  },
  "main": "index.js",
  "dependencies": {
    "cors": "^2.8.5",
    "express": "^4.18.2",
    "firebase-admin": "^11.8.0",
    "firebase-functions": "^4.3.1",
    "stripe": "^13.9.0"
  },
  "devDependencies": {
    "eslint": "^8.15.0",
    "eslint-config-google": "^0.14.0",
    "firebase-functions-test": "^3.1.0"
  },
  "private": true
}
[debug] [2023-10-10T21:40:38.424Z] Building nodejs source
[debug] [2023-10-10T21:40:38.424Z] Failed to find version of module node: reached end of search path /Users/amex/Desktop/EVANGADI/Phase-3/Projects/Amazon/amazon-clone/functions/node_modules
[info] ✔  functions: Using node@18 from host. 
[debug] [2023-10-10T21:40:38.428Z] Could not find functions.yaml. Must use http discovery
[debug] [2023-10-10T21:40:38.429Z] Found firebase-functions binary at '/Users/amex/Desktop/EVANGADI/Phase-3/Projects/Amazon/amazon-clone/functions/node_modules/.bin/firebase-functions'
[info] Serving at port 8015

[debug] [2023-10-10T21:40:38.726Z] Got response from /__/functions.yaml {"endpoints":{"api":{"platform":"gcfv1","availableMemoryMb":null,"timeoutSeconds":null,"minInstances":null,"maxInstances":null,"ingressSettings":null,"serviceAccountEmail":null,"vpc":null,"httpsTrigger":{},"entryPoint":"api"}},"specVersion":"v1alpha1","requiredAPIs":[]}
[info] shutdown requested via /__/quitquitquit

[info] ✔  functions: Loaded functions definitions from source: api. {"metadata":{"emulator":{"name":"functions"},"message":"Loaded functions definitions from source: api."}}
[debug] [2023-10-10T21:40:38.755Z] File /Users/amex/Desktop/EVANGADI/Phase-3/Projects/Amazon/amazon-clone/functions/index.js changed, reloading triggers {"metadata":{"emulator":{"name":"functions"},"message":"File /Users/amex/Desktop/EVANGADI/Phase-3/Projects/Amazon/amazon-clone/functions/index.js changed, reloading triggers"}}
[debug] [2023-10-10T21:40:39.756Z] Validating nodejs source
[debug] [2023-10-10T21:40:40.256Z] > [functions] package.json contents: {
  "name": "functions",
  "description": "Cloud Functions for Firebase",
  "scripts": {
    "lint": "eslint .",
    "serve": "firebase emulators:start --only functions",
    "shell": "firebase functions:shell",
    "start": "npm run shell",
    "deploy": "firebase deploy --only functions",
    "logs": "firebase functions:log"
  },
  "engines": {
    "node": "18"
  },
  "main": "index.js",
  "dependencies": {
    "cors": "^2.8.5",
    "express": "^4.18.2",
    "firebase-admin": "^11.8.0",
    "firebase-functions": "^4.3.1",
    "stripe": "^13.9.0"
  },
  "devDependencies": {
    "eslint": "^8.15.0",
    "eslint-config-google": "^0.14.0",
    "firebase-functions-test": "^3.1.0"
  },
  "private": true
}
[debug] [2023-10-10T21:40:40.256Z] Building nodejs source
[debug] [2023-10-10T21:40:40.257Z] Failed to find version of module node: reached end of search path /Users/amex/Desktop/EVANGADI/Phase-3/Projects/Amazon/amazon-clone/functions/node_modules
[info] ✔  functions: Using node@18 from host. 
[debug] [2023-10-10T21:40:40.257Z] Could not find functions.yaml. Must use http discovery
[debug] [2023-10-10T21:40:40.258Z] Found firebase-functions binary at '/Users/amex/Desktop/EVANGADI/Phase-3/Projects/Amazon/amazon-clone/functions/node_modules/.bin/firebase-functions'
[info] Serving at port 8577

[debug] [2023-10-10T21:40:40.432Z] Got response from /__/functions.yaml {"endpoints":{"api":{"platform":"gcfv1","availableMemoryMb":null,"timeoutSeconds":null,"minInstances":null,"maxInstances":null,"ingressSettings":null,"serviceAccountEmail":null,"vpc":null,"httpsTrigger":{},"entryPoint":"api"}},"specVersion":"v1alpha1","requiredAPIs":[]}
[info] shutdown requested via /__/quitquitquit

[info] ✔  functions: Loaded functions definitions from source: api. {"metadata":{"emulator":{"name":"functions"},"message":"Loaded functions definitions from source: api."}}
[debug] [2023-10-10T21:40:41.069Z] File /Users/amex/Desktop/EVANGADI/Phase-3/Projects/Amazon/amazon-clone/functions/index.js changed, reloading triggers {"metadata":{"emulator":{"name":"functions"},"message":"File /Users/amex/Desktop/EVANGADI/Phase-3/Projects/Amazon/amazon-clone/functions/index.js changed, reloading triggers"}}
[debug] [2023-10-10T21:40:42.071Z] Validating nodejs source
[debug] [2023-10-10T21:40:42.577Z] > [functions] package.json contents: {
  "name": "functions",
  "description": "Cloud Functions for Firebase",
  "scripts": {
    "lint": "eslint .",
    "serve": "firebase emulators:start --only functions",
    "shell": "firebase functions:shell",
    "start": "npm run shell",
    "deploy": "firebase deploy --only functions",
    "logs": "firebase functions:log"
  },
  "engines": {
    "node": "18"
  },
  "main": "index.js",
  "dependencies": {
    "cors": "^2.8.5",
    "express": "^4.18.2",
    "firebase-admin": "^11.8.0",
    "firebase-functions": "^4.3.1",
    "stripe": "^13.9.0"
  },
  "devDependencies": {
    "eslint": "^8.15.0",
    "eslint-config-google": "^0.14.0",
    "firebase-functions-test": "^3.1.0"
  },
  "private": true
}
[debug] [2023-10-10T21:40:42.577Z] Building nodejs source
[debug] [2023-10-10T21:40:42.577Z] Failed to find version of module node: reached end of search path /Users/amex/Desktop/EVANGADI/Phase-3/Projects/Amazon/amazon-clone/functions/node_modules
[info] ✔  functions: Using node@18 from host. 
[debug] [2023-10-10T21:40:42.578Z] File /Users/amex/Desktop/EVANGADI/Phase-3/Projects/Amazon/amazon-clone/functions/index.js changed, reloading triggers {"metadata":{"emulator":{"name":"functions"},"message":"File /Users/amex/Desktop/EVANGADI/Phase-3/Projects/Amazon/amazon-clone/functions/index.js changed, reloading triggers"}}
[debug] [2023-10-10T21:40:42.578Z] Could not find functions.yaml. Must use http discovery
[debug] [2023-10-10T21:40:42.579Z] Found firebase-functions binary at '/Users/amex/Desktop/EVANGADI/Phase-3/Projects/Amazon/amazon-clone/functions/node_modules/.bin/firebase-functions'
[info] Serving at port 8128

[debug] [2023-10-10T21:40:42.758Z] Got response from /__/functions.yaml {"endpoints":{"api":{"platform":"gcfv1","availableMemoryMb":null,"timeoutSeconds":null,"minInstances":null,"maxInstances":null,"ingressSettings":null,"serviceAccountEmail":null,"vpc":null,"httpsTrigger":{},"entryPoint":"api"}},"specVersion":"v1alpha1","requiredAPIs":[]}
[info] shutdown requested via /__/quitquitquit

[info] ✔  functions: Loaded functions definitions from source: api. {"metadata":{"emulator":{"name":"functions"},"message":"Loaded functions definitions from source: api."}}
[debug] [2023-10-10T21:40:43.580Z] Validating nodejs source
[debug] [2023-10-10T21:40:44.105Z] > [functions] package.json contents: {
  "name": "functions",
  "description": "Cloud Functions for Firebase",
  "scripts": {
    "lint": "eslint .",
    "serve": "firebase emulators:start --only functions",
    "shell": "firebase functions:shell",
    "start": "npm run shell",
    "deploy": "firebase deploy --only functions",
    "logs": "firebase functions:log"
  },
  "engines": {
    "node": "18"
  },
  "main": "index.js",
  "dependencies": {
    "cors": "^2.8.5",
    "express": "^4.18.2",
    "firebase-admin": "^11.8.0",
    "firebase-functions": "^4.3.1",
    "stripe": "^13.9.0"
  },
  "devDependencies": {
    "eslint": "^8.15.0",
    "eslint-config-google": "^0.14.0",
    "firebase-functions-test": "^3.1.0"
  },
  "private": true
}
[debug] [2023-10-10T21:40:44.105Z] Building nodejs source
[debug] [2023-10-10T21:40:44.105Z] Failed to find version of module node: reached end of search path /Users/amex/Desktop/EVANGADI/Phase-3/Projects/Amazon/amazon-clone/functions/node_modules
[info] ✔  functions: Using node@18 from host. 
[debug] [2023-10-10T21:40:44.106Z] Could not find functions.yaml. Must use http discovery
[debug] [2023-10-10T21:40:44.107Z] Found firebase-functions binary at '/Users/amex/Desktop/EVANGADI/Phase-3/Projects/Amazon/amazon-clone/functions/node_modules/.bin/firebase-functions'
[info] Serving at port 8692

[debug] [2023-10-10T21:40:44.281Z] Got response from /__/functions.yaml {"endpoints":{"api":{"platform":"gcfv1","availableMemoryMb":null,"timeoutSeconds":null,"minInstances":null,"maxInstances":null,"ingressSettings":null,"serviceAccountEmail":null,"vpc":null,"httpsTrigger":{},"entryPoint":"api"}},"specVersion":"v1alpha1","requiredAPIs":[]}
[info] shutdown requested via /__/quitquitquit

[info] ✔  functions: Loaded functions definitions from source: api. {"metadata":{"emulator":{"name":"functions"},"message":"Loaded functions definitions from source: api."}}
[debug] [2023-10-10T21:41:57.474Z] File /Users/amex/Desktop/EVANGADI/Phase-3/Projects/Amazon/amazon-clone/functions/index.js changed, reloading triggers {"metadata":{"emulator":{"name":"functions"},"message":"File /Users/amex/Desktop/EVANGADI/Phase-3/Projects/Amazon/amazon-clone/functions/index.js changed, reloading triggers"}}
[debug] [2023-10-10T21:41:58.478Z] Validating nodejs source
[debug] [2023-10-10T21:41:59.059Z] > [functions] package.json contents: {
  "name": "functions",
  "description": "Cloud Functions for Firebase",
  "scripts": {
    "lint": "eslint .",
    "serve": "firebase emulators:start --only functions",
    "shell": "firebase functions:shell",
    "start": "npm run shell",
    "deploy": "firebase deploy --only functions",
    "logs": "firebase functions:log"
  },
  "engines": {
    "node": "18"
  },
  "main": "index.js",
  "dependencies": {
    "cors": "^2.8.5",
    "express": "^4.18.2",
    "firebase-admin": "^11.8.0",
    "firebase-functions": "^4.3.1",
    "stripe": "^13.9.0"
  },
  "devDependencies": {
    "eslint": "^8.15.0",
    "eslint-config-google": "^0.14.0",
    "firebase-functions-test": "^3.1.0"
  },
  "private": true
}
[debug] [2023-10-10T21:41:59.060Z] Building nodejs source
[debug] [2023-10-10T21:41:59.060Z] Failed to find version of module node: reached end of search path /Users/amex/Desktop/EVANGADI/Phase-3/Projects/Amazon/amazon-clone/functions/node_modules
[info] ✔  functions: Using node@18 from host. 
[debug] [2023-10-10T21:41:59.061Z] Could not find functions.yaml. Must use http discovery
[debug] [2023-10-10T21:41:59.062Z] Found firebase-functions binary at '/Users/amex/Desktop/EVANGADI/Phase-3/Projects/Amazon/amazon-clone/functions/node_modules/.bin/firebase-functions'
[info] Serving at port 8175

[debug] [2023-10-10T21:41:59.373Z] Got response from /__/functions.yaml {"endpoints":{"api":{"platform":"gcfv1","availableMemoryMb":null,"timeoutSeconds":null,"minInstances":null,"maxInstances":null,"ingressSettings":null,"serviceAccountEmail":null,"vpc":null,"httpsTrigger":{},"entryPoint":"api"}},"specVersion":"v1alpha1","requiredAPIs":[]}
[info] shutdown requested via /__/quitquitquit

[info] ✔  functions: Loaded functions definitions from source: api. {"metadata":{"emulator":{"name":"functions"},"message":"Loaded functions definitions from source: api."}}
[debug] [2023-10-10T21:42:03.322Z] File /Users/amex/Desktop/EVANGADI/Phase-3/Projects/Amazon/amazon-clone/functions/index.js changed, reloading triggers {"metadata":{"emulator":{"name":"functions"},"message":"File /Users/amex/Desktop/EVANGADI/Phase-3/Projects/Amazon/amazon-clone/functions/index.js changed, reloading triggers"}}
[debug] [2023-10-10T21:42:04.323Z] Validating nodejs source
[debug] [2023-10-10T21:42:04.848Z] > [functions] package.json contents: {
  "name": "functions",
  "description": "Cloud Functions for Firebase",
  "scripts": {
    "lint": "eslint .",
    "serve": "firebase emulators:start --only functions",
    "shell": "firebase functions:shell",
    "start": "npm run shell",
    "deploy": "firebase deploy --only functions",
    "logs": "firebase functions:log"
  },
  "engines": {
    "node": "18"
  },
  "main": "index.js",
  "dependencies": {
    "cors": "^2.8.5",
    "express": "^4.18.2",
    "firebase-admin": "^11.8.0",
    "firebase-functions": "^4.3.1",
    "stripe": "^13.9.0"
  },
  "devDependencies": {
    "eslint": "^8.15.0",
    "eslint-config-google": "^0.14.0",
    "firebase-functions-test": "^3.1.0"
  },
  "private": true
}
[debug] [2023-10-10T21:42:04.848Z] Building nodejs source
[debug] [2023-10-10T21:42:04.848Z] Failed to find version of module node: reached end of search path /Users/amex/Desktop/EVANGADI/Phase-3/Projects/Amazon/amazon-clone/functions/node_modules
[info] ✔  functions: Using node@18 from host. 
[debug] [2023-10-10T21:42:04.848Z] Could not find functions.yaml. Must use http discovery
[debug] [2023-10-10T21:42:04.849Z] Found firebase-functions binary at '/Users/amex/Desktop/EVANGADI/Phase-3/Projects/Amazon/amazon-clone/functions/node_modules/.bin/firebase-functions'
[info] Serving at port 8534

[debug] [2023-10-10T21:42:05.097Z] Got response from /__/functions.yaml {"endpoints":{"api":{"platform":"gcfv1","availableMemoryMb":null,"timeoutSeconds":null,"minInstances":null,"maxInstances":null,"ingressSettings":null,"serviceAccountEmail":null,"vpc":null,"httpsTrigger":{},"entryPoint":"api"}},"specVersion":"v1alpha1","requiredAPIs":[]}
[info] shutdown requested via /__/quitquitquit

[info] ✔  functions: Loaded functions definitions from source: api. {"metadata":{"emulator":{"name":"functions"},"message":"Loaded functions definitions from source: api."}}
[debug] [2023-10-10T21:42:10.659Z] File /Users/amex/Desktop/EVANGADI/Phase-3/Projects/Amazon/amazon-clone/functions/index.js changed, reloading triggers {"metadata":{"emulator":{"name":"functions"},"message":"File /Users/amex/Desktop/EVANGADI/Phase-3/Projects/Amazon/amazon-clone/functions/index.js changed, reloading triggers"}}
[debug] [2023-10-10T21:42:11.661Z] Validating nodejs source
[debug] [2023-10-10T21:42:12.257Z] > [functions] package.json contents: {
  "name": "functions",
  "description": "Cloud Functions for Firebase",
  "scripts": {
    "lint": "eslint .",
    "serve": "firebase emulators:start --only functions",
    "shell": "firebase functions:shell",
    "start": "npm run shell",
    "deploy": "firebase deploy --only functions",
    "logs": "firebase functions:log"
  },
  "engines": {
    "node": "18"
  },
  "main": "index.js",
  "dependencies": {
    "cors": "^2.8.5",
    "express": "^4.18.2",
    "firebase-admin": "^11.8.0",
    "firebase-functions": "^4.3.1",
    "stripe": "^13.9.0"
  },
  "devDependencies": {
    "eslint": "^8.15.0",
    "eslint-config-google": "^0.14.0",
    "firebase-functions-test": "^3.1.0"
  },
  "private": true
}
[debug] [2023-10-10T21:42:12.257Z] Building nodejs source
[debug] [2023-10-10T21:42:12.257Z] Failed to find version of module node: reached end of search path /Users/amex/Desktop/EVANGADI/Phase-3/Projects/Amazon/amazon-clone/functions/node_modules
[info] ✔  functions: Using node@18 from host. 
[debug] [2023-10-10T21:42:12.258Z] Could not find functions.yaml. Must use http discovery
[debug] [2023-10-10T21:42:12.259Z] Found firebase-functions binary at '/Users/amex/Desktop/EVANGADI/Phase-3/Projects/Amazon/amazon-clone/functions/node_modules/.bin/firebase-functions'
[info] Serving at port 8449

[debug] [2023-10-10T21:42:12.509Z] Got response from /__/functions.yaml {"endpoints":{"api":{"platform":"gcfv1","availableMemoryMb":null,"timeoutSeconds":null,"minInstances":null,"maxInstances":null,"ingressSettings":null,"serviceAccountEmail":null,"vpc":null,"httpsTrigger":{},"entryPoint":"api"}},"specVersion":"v1alpha1","requiredAPIs":[]}
[info] shutdown requested via /__/quitquitquit

[info] ✔  functions: Loaded functions definitions from source: api. {"metadata":{"emulator":{"name":"functions"},"message":"Loaded functions definitions from source: api."}}
